<?xml version="1.0" encoding="UTF-8"?>
<!-- Generated by org.testng.reporters.JUnitXMLReporter -->
<testsuite ignored="1" hostname="DESKTOP-7TADIUD" failures="0" tests="5" name="Test" time="33.071" errors="0" timestamp="2023-06-16T14:13:30 IST">
  <testcase classname="tests.LoginTest" name="testLogin" time="15.819"/>
  <testcase classname="tests.HomePageTest" name="testLogin" time="10.186"/>
  <testcase classname="tests.HomePageTest" name="verifyHomePageTitle" time="0.014"/>
  <testcase classname="tests.HomePageTest" name="verifyMenuItems" time="0.026"/>
  <testcase classname="tests.HomePageTest" name="logoutTest" time="1.759"/>
  <testcase classname="tests.HomePageTest" name="skipTestSample" time="0.0">
    <ignored/>
  </testcase> <!-- skipTestSample -->
</testsuite> <!-- Test -->
