<?xml version="1.0" encoding="UTF-8"?>
<!-- Generated by org.testng.reporters.JUnitXMLReporter -->
<testsuite ignored="1" hostname="DESKTOP-7TADIUD" failures="0" tests="5" name="Test" time="10.768" errors="0" timestamp="19 May 2023 09:45:48 GMT">
  <testcase classname="tests.LoginTest" name="testLogin" time="3.681"/>
  <testcase classname="tests.HomePageTest" name="testLogin" time="3.372"/>
  <testcase classname="tests.HomePageTest" name="verifyHomePageTitle" time="0.009"/>
  <testcase classname="tests.HomePageTest" name="verifyMenuItems" time="0.022"/>
  <testcase classname="tests.HomePageTest" name="logoutTest" time="0.493"/>
  <testcase classname="tests.HomePageTest" name="skipTestSample" time="0.0">
    <ignored/>
  </testcase> <!-- skipTestSample -->
</testsuite> <!-- Test -->
