<?xml version="1.0" encoding="UTF-8"?>
<testsuite xmlns:xsi="http://www.w3.org/2001/XMLSchema-instance" xsi:noNamespaceSchemaLocation="https://maven.apache.org/surefire/maven-surefire-plugin/xsd/surefire-test-report-3.0.xsd" version="3.0" name="TestSuite" time="12.145" tests="5" errors="0" skipped="0" failures="0">
  <properties>
[...]
</properties>
  <testcase name="testLogin" classname="tests.LoginTest" time="3.816">
    <system-out><![CDATA[[TestNGContentHandler] [WARN] It is strongly recommended to add "<!DOCTYPE suite SYSTEM "http://testng.org/testng-1.0.dtd" >" at the top of your file, otherwise TestNG may fail or not work as expected.
Directory already exists: C:\Users\Mobile Programming\eclipse-workspace\web-automation\TestReport
Test started: Test
Test started: testLogin
 INFO [main] (LoginTest.java:26)- Login Page Opened
 INFO [main] (LoginTest.java:31)- Entered Username
 INFO [main] (LoginTest.java:33)- Entered Password
 INFO [main] (LoginTest.java:35)- Clicked Login Button
 INFO [main] (LoginTest.java:38)- Logged In Sucessfully
 INFO [main] (LoginTest.java:43)- LoginTest Validation Done
Screenshot taken
Test passed: testLogin
]]></system-out>
    <system-err><![CDATA[SLF4J: Failed to load class "org.slf4j.impl.StaticLoggerBinder".
SLF4J: Defaulting to no-operation (NOP) logger implementation
SLF4J: See http://www.slf4j.org/codes.html#StaticLoggerBinder for further details.
log4j:WARN No appenders could be found for logger (io.netty.util.internal.logging.InternalLoggerFactory).
log4j:WARN Please initialize the log4j system properly.
log4j:WARN See http://logging.apache.org/log4j/1.2/faq.html#noconfig for more info.
Starting ChromeDriver 113.0.5672.63 (0e1a4471d5ae5bf128b1bd8f4d627c8cbd55f70c-refs/branch-heads/5672@{#912}) on port 36326
Only local connections are allowed.
Please see https://chromedriver.chromium.org/security-considerations for suggestions on keeping ChromeDriver safe.
ChromeDriver was started successfully.
May 19, 2023 3:15:38 PM org.openqa.selenium.devtools.CdpVersionFinder findNearestMatch
WARNING: Unable to find an exact match for CDP version 113, so returning the closest version found: 112
]]></system-err>
  </testcase>
  <testcase name="testLogin" classname="tests.HomePageTest" time="3.478">
    <system-out><![CDATA[ INFO [main] (BaseClass.java:46)- driver Session Closed Sucessfully
Test started: testLogin
 INFO [main] (HomePageTest.java:35)- Entered Username
 INFO [main] (HomePageTest.java:37)- Entered Password
 INFO [main] (HomePageTest.java:39)- Clicked Login Button
 INFO [main] (HomePageTest.java:42)- Logged In Sucessfully
 INFO [main] (HomePageTest.java:47)- LoginTest Validation Done
Screenshot taken
Test passed: testLogin
]]></system-out>
    <system-err><![CDATA[Starting ChromeDriver 113.0.5672.63 (0e1a4471d5ae5bf128b1bd8f4d627c8cbd55f70c-refs/branch-heads/5672@{#912}) on port 19780
Only local connections are allowed.
Please see https://chromedriver.chromium.org/security-considerations for suggestions on keeping ChromeDriver safe.
ChromeDriver was started successfully.
May 19, 2023 3:15:43 PM org.openqa.selenium.devtools.CdpVersionFinder findNearestMatch
WARNING: Unable to find an exact match for CDP version 113, so returning the closest version found: 112
]]></system-err>
  </testcase>
  <testcase name="verifyHomePageTitle" classname="tests.HomePageTest" time="0.134">
    <system-out><![CDATA[Test started: verifyHomePageTitle
 INFO [main] (HomePageTest.java:72)- verified HomePage Title
Screenshot taken
Test passed: verifyHomePageTitle
]]></system-out>
  </testcase>
  <testcase name="verifyMenuItems" classname="tests.HomePageTest" time="0.142">
    <system-out><![CDATA[Test started: verifyMenuItems
 INFO [main] (HomePageTest.java:64)- verified MenuItemsSize
Screenshot taken
Test passed: verifyMenuItems
]]></system-out>
  </testcase>
  <testcase name="logoutTest" classname="tests.HomePageTest" time="0.616">
    <system-out><![CDATA[Test started: logoutTest
 INFO [main] (HomePageTest.java:52)- Clicked on Logout Btn
 INFO [main] (HomePageTest.java:56)- Logged out Sucessfully
Screenshot taken
Test passed: logoutTest
]]></system-out>
  </testcase>
</testsuite>