<?xml version="1.0" encoding="UTF-8"?>
<testng-results ignored="1" total="6" passed="5" failed="0" skipped="0">
  <reporter-output>
  </reporter-output>
  <suite started-at="2023-05-19T09:45:37Z" name="Suite" finished-at="2023-05-19T09:45:48Z" duration-ms="10768">
    <groups>
    </groups>
    <test started-at="2023-05-19T09:45:37Z" name="Test" finished-at="2023-05-19T09:45:48Z" duration-ms="10768">
      <class name="tests.LoginTest">
        <test-method is-config="true" signature="setUp(java.lang.String)[pri:0, instance:tests.LoginTest@75f5fd58]" started-at="2023-05-19T09:45:37Z" name="setUp" finished-at="2023-05-19T09:45:38Z" duration-ms="1529" status="PASS">
          <params>
            <param index="0">
              <value>
                <![CDATA[chrome]]>
              </value>
            </param>
          </params>
          <reporter-output>
          </reporter-output>
        </test-method> <!-- setUp -->
        <test-method is-config="true" signature="setupConfig()[pri:0, instance:tests.LoginTest@75f5fd58]" started-at="2023-05-19T09:45:38Z" name="setupConfig" finished-at="2023-05-19T09:45:38Z" duration-ms="3" status="PASS">
          <reporter-output>
          </reporter-output>
        </test-method> <!-- setupConfig -->
        <test-method signature="testLogin()[pri:0, instance:tests.LoginTest@75f5fd58]" started-at="2023-05-19T09:45:38Z" name="testLogin" finished-at="2023-05-19T09:45:42Z" duration-ms="3681" status="PASS">
          <reporter-output>
          </reporter-output>
        </test-method> <!-- testLogin -->
        <test-method is-config="true" signature="close()[pri:0, instance:tests.LoginTest@75f5fd58]" started-at="2023-05-19T09:45:42Z" name="close" finished-at="2023-05-19T09:45:42Z" duration-ms="1" status="PASS">
          <reporter-output>
          </reporter-output>
        </test-method> <!-- close -->
        <test-method is-config="true" signature="tearDown()[pri:0, instance:tests.LoginTest@75f5fd58]" started-at="2023-05-19T09:45:42Z" name="tearDown" finished-at="2023-05-19T09:45:42Z" duration-ms="167" status="PASS">
          <reporter-output>
          </reporter-output>
        </test-method> <!-- tearDown -->
      </class> <!-- tests.LoginTest -->
      <class name="tests.HomePageTest">
        <test-method is-config="true" signature="setUp(java.lang.String)[pri:0, instance:tests.HomePageTest@37b70343]" started-at="2023-05-19T09:45:42Z" name="setUp" finished-at="2023-05-19T09:45:43Z" duration-ms="708" status="PASS">
          <params>
            <param index="0">
              <value>
                <![CDATA[chrome]]>
              </value>
            </param>
          </params>
          <reporter-output>
          </reporter-output>
        </test-method> <!-- setUp -->
        <test-method is-config="true" signature="setupConfig()[pri:0, instance:tests.HomePageTest@37b70343]" started-at="2023-05-19T09:45:43Z" name="setupConfig" finished-at="2023-05-19T09:45:43Z" duration-ms="1" status="PASS">
          <reporter-output>
          </reporter-output>
        </test-method> <!-- setupConfig -->
        <test-method signature="testLogin()[pri:0, instance:tests.HomePageTest@37b70343]" started-at="2023-05-19T09:45:43Z" name="testLogin" finished-at="2023-05-19T09:45:46Z" duration-ms="3372" status="PASS">
          <reporter-output>
          </reporter-output>
        </test-method> <!-- testLogin -->
        <test-method is-config="true" signature="setupConfig()[pri:0, instance:tests.HomePageTest@37b70343]" started-at="2023-05-19T09:45:47Z" name="setupConfig" finished-at="2023-05-19T09:45:47Z" duration-ms="1" status="PASS">
          <reporter-output>
          </reporter-output>
        </test-method> <!-- setupConfig -->
        <test-method signature="verifyHomePageTitle()[pri:1, instance:tests.HomePageTest@37b70343]" started-at="2023-05-19T09:45:47Z" name="verifyHomePageTitle" finished-at="2023-05-19T09:45:47Z" duration-ms="9" status="PASS">
          <reporter-output>
          </reporter-output>
        </test-method> <!-- verifyHomePageTitle -->
        <test-method signature="verifyMenuItems()[pri:2, instance:tests.HomePageTest@37b70343]" started-at="2023-05-19T09:45:47Z" name="verifyMenuItems" finished-at="2023-05-19T09:45:47Z" duration-ms="22" status="PASS">
          <reporter-output>
          </reporter-output>
        </test-method> <!-- verifyMenuItems -->
        <test-method is-config="true" signature="setupConfig()[pri:0, instance:tests.HomePageTest@37b70343]" started-at="2023-05-19T09:45:47Z" name="setupConfig" finished-at="2023-05-19T09:45:47Z" duration-ms="0" status="PASS">
          <reporter-output>
          </reporter-output>
        </test-method> <!-- setupConfig -->
        <test-method is-config="true" signature="setupConfig()[pri:0, instance:tests.HomePageTest@37b70343]" started-at="2023-05-19T09:45:47Z" name="setupConfig" finished-at="2023-05-19T09:45:47Z" duration-ms="0" status="PASS">
          <reporter-output>
          </reporter-output>
        </test-method> <!-- setupConfig -->
        <test-method signature="logoutTest()[pri:3, instance:tests.HomePageTest@37b70343]" started-at="2023-05-19T09:45:47Z" name="logoutTest" finished-at="2023-05-19T09:45:47Z" duration-ms="493" status="PASS">
          <reporter-output>
          </reporter-output>
        </test-method> <!-- logoutTest -->
        <test-method is-config="true" signature="tearDown()[pri:0, instance:tests.HomePageTest@37b70343]" started-at="2023-05-19T09:45:47Z" name="tearDown" finished-at="2023-05-19T09:45:48Z" duration-ms="138" status="PASS">
          <reporter-output>
          </reporter-output>
        </test-method> <!-- tearDown -->
      </class> <!-- tests.HomePageTest -->
    </test> <!-- Test -->
  </suite> <!-- Suite -->
</testng-results>
