<?xml version="1.0" encoding="UTF-8"?>
<testng-results ignored="1" total="6" passed="5" failed="0" skipped="0">
  <reporter-output>
  </reporter-output>
  <suite started-at="2023-06-16T14:12:57 IST" name="Suite" finished-at="2023-06-16T14:13:30 IST" duration-ms="33071">
    <groups>
    </groups>
    <test started-at="2023-06-16T14:12:57 IST" name="Test" finished-at="2023-06-16T14:13:30 IST" duration-ms="33071">
      <class name="tests.LoginTest">
        <test-method is-config="true" signature="setUp(java.lang.String)[pri:0, instance:tests.LoginTest@7cca01a8]" started-at="2023-06-16T14:12:57 IST" name="setUp" finished-at="2023-06-16T14:13:00 IST" duration-ms="3627" status="PASS">
          <params>
            <param index="0">
              <value>
                <![CDATA[chrome]]>
              </value>
            </param>
          </params>
          <reporter-output>
          </reporter-output>
        </test-method> <!-- setUp -->
        <test-method is-config="true" signature="setupConfig()[pri:0, instance:tests.LoginTest@7cca01a8]" started-at="2023-06-16T14:13:00 IST" name="setupConfig" finished-at="2023-06-16T14:13:00 IST" duration-ms="14" status="PASS">
          <reporter-output>
          </reporter-output>
        </test-method> <!-- setupConfig -->
        <test-method signature="testLogin()[pri:0, instance:tests.LoginTest@7cca01a8]" started-at="2023-06-16T14:13:00 IST" name="testLogin" finished-at="2023-06-16T14:13:16 IST" duration-ms="15819" status="PASS">
          <reporter-output>
          </reporter-output>
        </test-method> <!-- testLogin -->
        <test-method is-config="true" signature="close()[pri:0, instance:tests.LoginTest@7cca01a8]" started-at="2023-06-16T14:13:16 IST" name="close" finished-at="2023-06-16T14:13:16 IST" duration-ms="1" status="PASS">
          <reporter-output>
          </reporter-output>
        </test-method> <!-- close -->
        <test-method is-config="true" signature="tearDown()[pri:0, instance:tests.LoginTest@7cca01a8]" started-at="2023-06-16T14:13:16 IST" name="tearDown" finished-at="2023-06-16T14:13:17 IST" duration-ms="124" status="PASS">
          <reporter-output>
          </reporter-output>
        </test-method> <!-- tearDown -->
      </class> <!-- tests.LoginTest -->
      <class name="tests.HomePageTest">
        <test-method is-config="true" signature="setUp(java.lang.String)[pri:0, instance:tests.HomePageTest@45f756e6]" started-at="2023-06-16T14:13:17 IST" name="setUp" finished-at="2023-06-16T14:13:17 IST" duration-ms="704" status="PASS">
          <params>
            <param index="0">
              <value>
                <![CDATA[chrome]]>
              </value>
            </param>
          </params>
          <reporter-output>
          </reporter-output>
        </test-method> <!-- setUp -->
        <test-method is-config="true" signature="setupConfig()[pri:0, instance:tests.HomePageTest@45f756e6]" started-at="2023-06-16T14:13:17 IST" name="setupConfig" finished-at="2023-06-16T14:13:17 IST" duration-ms="6" status="PASS">
          <reporter-output>
          </reporter-output>
        </test-method> <!-- setupConfig -->
        <test-method signature="testLogin()[pri:0, instance:tests.HomePageTest@45f756e6]" started-at="2023-06-16T14:13:17 IST" name="testLogin" finished-at="2023-06-16T14:13:27 IST" duration-ms="10186" status="PASS">
          <reporter-output>
          </reporter-output>
        </test-method> <!-- testLogin -->
        <test-method is-config="true" signature="setupConfig()[pri:0, instance:tests.HomePageTest@45f756e6]" started-at="2023-06-16T14:13:28 IST" name="setupConfig" finished-at="2023-06-16T14:13:28 IST" duration-ms="1" status="PASS">
          <reporter-output>
          </reporter-output>
        </test-method> <!-- setupConfig -->
        <test-method signature="verifyHomePageTitle()[pri:1, instance:tests.HomePageTest@45f756e6]" started-at="2023-06-16T14:13:28 IST" name="verifyHomePageTitle" finished-at="2023-06-16T14:13:28 IST" duration-ms="14" status="PASS">
          <reporter-output>
          </reporter-output>
        </test-method> <!-- verifyHomePageTitle -->
        <test-method is-config="true" signature="setupConfig()[pri:0, instance:tests.HomePageTest@45f756e6]" started-at="2023-06-16T14:13:28 IST" name="setupConfig" finished-at="2023-06-16T14:13:28 IST" duration-ms="1" status="PASS">
          <reporter-output>
          </reporter-output>
        </test-method> <!-- setupConfig -->
        <test-method signature="verifyMenuItems()[pri:2, instance:tests.HomePageTest@45f756e6]" started-at="2023-06-16T14:13:28 IST" name="verifyMenuItems" finished-at="2023-06-16T14:13:28 IST" duration-ms="26" status="PASS">
          <reporter-output>
          </reporter-output>
        </test-method> <!-- verifyMenuItems -->
        <test-method is-config="true" signature="setupConfig()[pri:0, instance:tests.HomePageTest@45f756e6]" started-at="2023-06-16T14:13:28 IST" name="setupConfig" finished-at="2023-06-16T14:13:28 IST" duration-ms="0" status="PASS">
          <reporter-output>
          </reporter-output>
        </test-method> <!-- setupConfig -->
        <test-method signature="logoutTest()[pri:3, instance:tests.HomePageTest@45f756e6]" started-at="2023-06-16T14:13:28 IST" name="logoutTest" finished-at="2023-06-16T14:13:30 IST" duration-ms="1759" status="PASS">
          <reporter-output>
          </reporter-output>
        </test-method> <!-- logoutTest -->
        <test-method is-config="true" signature="tearDown()[pri:0, instance:tests.HomePageTest@45f756e6]" started-at="2023-06-16T14:13:30 IST" name="tearDown" finished-at="2023-06-16T14:13:30 IST" duration-ms="102" status="PASS">
          <reporter-output>
          </reporter-output>
        </test-method> <!-- tearDown -->
      </class> <!-- tests.HomePageTest -->
    </test> <!-- Test -->
  </suite> <!-- Suite -->
</testng-results>
